<?xml version="1.0" encoding="UTF-8"?>
<!-- Generated by org.testng.reporters.JUnitReportReporter -->
<testsuite skipped="0" hostname="LE000539" name="testrunner.Logintestrun" tests="2" failures="0" timestamp="2020-01-24T11:21:43 IST" time="24.500" errors="0">
  <testcase name="Testing" time="15.299" classname="testrunner.Logintestrun"/>
  <testcase name="naviagate" time="9.201" classname="testrunner.Logintestrun"/>
</testsuite> <!-- testrunner.Logintestrun -->
