<?xml version="1.0" encoding="UTF-8"?>
<!-- Generated by org.testng.reporters.JUnitReportReporter -->
<testsuite hostname="LE000539" name="Pageobjects.Loginpage" tests="1" failures="0" timestamp="3 Jan 2020 07:39:48 GMT" time="13.368" errors="0">
  <testcase name="browserstart" time="13.368" classname="Pageobjects.Loginpage"/>
</testsuite> <!-- Pageobjects.Loginpage -->
