<?xml version="1.0" encoding="UTF-8"?>
<!-- Generated by org.testng.reporters.JUnitReportReporter -->
<testsuite skipped="0" hostname="LE000539" name="testrunner.Amazongoogletestrun" tests="3" failures="0" timestamp="2020-01-24T11:21:43 IST" time="4.635" errors="0">
  <testcase name="verifyfirstline" time="0.563" classname="testrunner.Amazongoogletestrun"/>
  <testcase name="signinbuttonclick" time="3.321" classname="testrunner.Amazongoogletestrun"/>
  <testcase name="movetothenextpagecreateaccount" time="0.751" classname="testrunner.Amazongoogletestrun"/>
</testsuite> <!-- testrunner.Amazongoogletestrun -->
