<?xml version="1.0" encoding="UTF-8"?>
<!-- Generated by org.testng.reporters.JUnitReportReporter -->
<testsuite hostname="LE000539" name="testrunner.Logintestrun" tests="2" failures="0" timestamp="27 Feb 2020 09:15:47 GMT" time="24.289" errors="0">
  <testcase name="Testing" time="18.150" classname="testrunner.Logintestrun"/>
  <testcase name="naviagate" time="6.139" classname="testrunner.Logintestrun"/>
</testsuite> <!-- testrunner.Logintestrun -->
