<?xml version="1.0" encoding="UTF-8"?>
<!-- Generated by org.testng.reporters.JUnitReportReporter -->
<testsuite hostname="LE000539" name="testrunner.Logincredentialtestrun" tests="4" failures="0" timestamp="13 Mar 2020 13:32:24 GMT" time="15.670" errors="0">
  <testcase name="getthetitle" time="0.011" classname="testrunner.Logincredentialtestrun"/>
  <testcase name="amazonregtitleverify" time="0.131" classname="testrunner.Logincredentialtestrun"/>
  <testcase name="enterthename" time="0.418" classname="testrunner.Logincredentialtestrun"/>
  <testcase name="dateselection" time="15.110" classname="testrunner.Logincredentialtestrun"/>
</testsuite> <!-- testrunner.Logincredentialtestrun -->
