<?xml version="1.0" encoding="UTF-8"?>
<!-- Generated by org.testng.reporters.JUnitReportReporter -->
<testsuite hostname="LE000539" name="testrunner.Logincredentialtestrun" tests="4" failures="0" timestamp="26 Feb 2020 11:46:03 GMT" time="15.306" errors="0">
  <testcase name="dateselection" time="14.907" classname="testrunner.Logincredentialtestrun"/>
  <testcase name="amazonregtitleverify" time="0.132" classname="testrunner.Logincredentialtestrun"/>
  <testcase name="getthetitle" time="0.003" classname="testrunner.Logincredentialtestrun"/>
  <testcase name="enterthename" time="0.264" classname="testrunner.Logincredentialtestrun"/>
</testsuite> <!-- testrunner.Logincredentialtestrun -->
