<?xml version="1.0" encoding="UTF-8"?>
<!-- Generated by org.testng.reporters.JUnitReportReporter -->
<testsuite hostname="LE000539" name="testrunner.Logintestrun" tests="2" failures="0" timestamp="27 Feb 2020 09:49:13 GMT" time="22.265" errors="0">
  <testcase name="naviagate" time="6.125" classname="testrunner.Logintestrun"/>
  <testcase name="Testing" time="16.140" classname="testrunner.Logintestrun"/>
</testsuite> <!-- testrunner.Logintestrun -->
