<?xml version="1.0" encoding="UTF-8"?>
<!-- Generated by org.testng.reporters.JUnitReportReporter -->
<testsuite skipped="0" hostname="LE000539" name="testrunner.Logincredentialtestrun" tests="4" failures="0" timestamp="2020-03-11T12:30:54 IST" time="16.080" errors="0">
  <testcase name="amazonregtitleverify" time="0.122" classname="testrunner.Logincredentialtestrun"/>
  <testcase name="enterthename" time="0.451" classname="testrunner.Logincredentialtestrun"/>
  <testcase name="dateselection" time="15.504" classname="testrunner.Logincredentialtestrun"/>
  <testcase name="getthetitle" time="0.003" classname="testrunner.Logincredentialtestrun"/>
</testsuite> <!-- testrunner.Logincredentialtestrun -->
