<?xml version="1.0" encoding="UTF-8"?>
<!-- Generated by org.testng.reporters.JUnitReportReporter -->
<testsuite hostname="LE000539" name="testrunner.Logincredentialtestrun" tests="4" failures="0" timestamp="11 Mar 2020 10:26:11 GMT" time="16.123" errors="0">
  <testcase name="enterthename" time="0.278" classname="testrunner.Logincredentialtestrun"/>
  <testcase name="dateselection" time="15.709" classname="testrunner.Logincredentialtestrun"/>
  <testcase name="getthetitle" time="0.004" classname="testrunner.Logincredentialtestrun"/>
  <testcase name="amazonregtitleverify" time="0.132" classname="testrunner.Logincredentialtestrun"/>
</testsuite> <!-- testrunner.Logincredentialtestrun -->
