<?xml version="1.0" encoding="UTF-8"?>
<!-- Generated by org.testng.reporters.JUnitReportReporter -->
<testsuite skipped="0" hostname="LE000539" name="testrunner.Logintestrun" tests="2" failures="0" timestamp="2020-03-11T10:30:32 IST" time="28.017" errors="0">
  <testcase name="Testing" time="21.866" classname="testrunner.Logintestrun"/>
  <testcase name="naviagate" time="6.151" classname="testrunner.Logintestrun"/>
</testsuite> <!-- testrunner.Logintestrun -->
