<?xml version="1.0" encoding="UTF-8"?>
<!-- Generated by org.testng.reporters.JUnitReportReporter -->
<testsuite skipped="0" hostname="LE000539" name="testrunner.Logintestrun" tests="2" failures="0" timestamp="2020-03-11T13:14:25 IST" time="26.110" errors="0">
  <testcase name="Testing" time="19.849" classname="testrunner.Logintestrun"/>
  <testcase name="naviagate" time="6.261" classname="testrunner.Logintestrun"/>
</testsuite> <!-- testrunner.Logintestrun -->
