<?xml version="1.0" encoding="UTF-8"?>
<!-- Generated by org.testng.reporters.JUnitReportReporter -->
<<<<<<< HEAD
<testsuite hostname="LE000539" name="testrunner.Logincredentialtestrun" tests="4" failures="0" timestamp="27 Feb 2020 09:15:47 GMT" time="15.511" errors="0">
  <testcase name="enterthename" time="0.247" classname="testrunner.Logincredentialtestrun"/>
  <testcase name="getthetitle" time="0.003" classname="testrunner.Logincredentialtestrun"/>
  <testcase name="amazonregtitleverify" time="0.130" classname="testrunner.Logincredentialtestrun"/>
  <testcase name="dateselection" time="15.131" classname="testrunner.Logincredentialtestrun"/>
=======
<testsuite skipped="0" hostname="LE000539" name="testrunner.Logincredentialtestrun" tests="4" failures="0" timestamp="2020-02-26T18:01:21 IST" time="15.182" errors="0">
  <testcase name="amazonregtitleverify" time="0.136" classname="testrunner.Logincredentialtestrun"/>
  <testcase name="enterthename" time="0.320" classname="testrunner.Logincredentialtestrun"/>
  <testcase name="dateselection" time="14.716" classname="testrunner.Logincredentialtestrun"/>
  <testcase name="getthetitle" time="0.010" classname="testrunner.Logincredentialtestrun"/>
>>>>>>> newtesting
</testsuite> <!-- testrunner.Logincredentialtestrun -->
