<?xml version="1.0" encoding="UTF-8"?>
<!-- Generated by org.testng.reporters.JUnitReportReporter -->
<testsuite hostname="LE000539" name="testrunner.Logintestrun" tests="2" failures="0" timestamp="24 Feb 2020 07:22:50 GMT" time="23.505" errors="0">
  <testcase name="Testing" time="17.363" classname="testrunner.Logintestrun"/>
  <testcase name="naviagate" time="6.142" classname="testrunner.Logintestrun"/>
</testsuite> <!-- testrunner.Logintestrun -->
