<?xml version="1.0" encoding="UTF-8"?>
<!-- Generated by org.testng.reporters.JUnitReportReporter -->
<testsuite hostname="LE000539" name="testrunner.Logincredentialtestrun" tests="4" failures="0" timestamp="24 Feb 2020 07:22:50 GMT" time="16.194" errors="0">
  <testcase name="amazonregtitleverify" time="0.118" classname="testrunner.Logincredentialtestrun"/>
  <testcase name="dateselection" time="15.810" classname="testrunner.Logincredentialtestrun"/>
  <testcase name="getthetitle" time="0.002" classname="testrunner.Logincredentialtestrun"/>
  <testcase name="enterthename" time="0.264" classname="testrunner.Logincredentialtestrun"/>
</testsuite> <!-- testrunner.Logincredentialtestrun -->
