<?xml version="1.0" encoding="UTF-8"?>
<!-- Generated by org.testng.reporters.JUnitReportReporter -->
<testsuite hostname="LE000539" name="testrunner.Logintestrun" tests="2" failures="0" timestamp="26 Feb 2020 11:46:03 GMT" time="31.222" errors="0">
  <testcase name="naviagate" time="6.159" classname="testrunner.Logintestrun"/>
  <testcase name="Testing" time="25.063" classname="testrunner.Logintestrun"/>
</testsuite> <!-- testrunner.Logintestrun -->
