<?xml version="1.0" encoding="UTF-8"?>
<!-- Generated by org.testng.reporters.JUnitReportReporter -->
<testsuite skipped="1" hostname="LE000539" name="testrunner.ParallelTestAtest" tests="1" failures="0" timestamp="2020-02-20T11:50:08 IST" time="0.000" errors="0">
  <testcase name="method1" time="0.000" classname="testrunner.ParallelTestAtest">
    <skipped/>
  </testcase> <!-- method1 -->
</testsuite> <!-- testrunner.ParallelTestAtest -->
