<?xml version="1.0" encoding="UTF-8"?>
<!-- Generated by org.testng.reporters.JUnitReportReporter -->
<testsuite skipped="0" hostname="LE000539" name="testrunner.Logincredentialtestrun" tests="4" failures="0" timestamp="2020-02-26T18:01:21 IST" time="15.182" errors="0">
  <testcase name="amazonregtitleverify" time="0.136" classname="testrunner.Logincredentialtestrun"/>
  <testcase name="enterthename" time="0.320" classname="testrunner.Logincredentialtestrun"/>
  <testcase name="dateselection" time="14.716" classname="testrunner.Logincredentialtestrun"/>
  <testcase name="getthetitle" time="0.010" classname="testrunner.Logincredentialtestrun"/>
</testsuite> <!-- testrunner.Logincredentialtestrun -->
