<?xml version="1.0" encoding="UTF-8"?>
<!-- Generated by org.testng.reporters.JUnitReportReporter -->
<testsuite skipped="0" hostname="LE000539" name="pageobjects.HubNodeTest" tests="1" failures="0" timestamp="2020-03-13T18:02:53 IST" time="2.087" errors="0">
  <testcase name="testValidUsersDemoWebShop" time="2.087" classname="pageobjects.HubNodeTest"/>
</testsuite> <!-- pageobjects.HubNodeTest -->
