<?xml version="1.0" encoding="UTF-8"?>
<!-- Generated by org.testng.reporters.JUnitReportReporter -->
<testsuite skipped="1" hostname="LE000539" name="pageobjects.ParallelTestB" tests="1" failures="0" timestamp="2020-02-20T11:50:09 IST" time="0.000" errors="0">
  <testcase name="testGooglePageTitleInChrome" time="0.000" classname="pageobjects.ParallelTestB">
    <skipped/>
  </testcase> <!-- testGooglePageTitleInChrome -->
</testsuite> <!-- pageobjects.ParallelTestB -->
