<?xml version="1.0" encoding="UTF-8"?>
<!-- Generated by org.testng.reporters.JUnitReportReporter -->
<testsuite skipped="0" hostname="LE000539" name="testrunner.Logintestrun" tests="2" failures="0" timestamp="2020-03-05T15:18:49 IST" time="24.262" errors="0">
  <testcase name="Testing" time="18.064" classname="testrunner.Logintestrun"/>
  <testcase name="naviagate" time="6.198" classname="testrunner.Logintestrun"/>
</testsuite> <!-- testrunner.Logintestrun -->
