<?xml version="1.0" encoding="UTF-8"?>
<!-- Generated by org.testng.reporters.JUnitReportReporter -->
<testsuite skipped="0" hostname="LE000539" name="pageobjects.HubNodeTest" tests="1" failures="0" timestamp="2020-02-21T17:40:25 IST" time="1.183" errors="0">
  <testcase name="testValidUsersDemoWebShop" time="1.183" classname="pageobjects.HubNodeTest"/>
</testsuite> <!-- pageobjects.HubNodeTest -->
