<?xml version="1.0" encoding="UTF-8"?>
<!-- Generated by org.testng.reporters.JUnitReportReporter -->
<testsuite skipped="0" hostname="LE000539" name="pageobjects.ParallelTestA1" tests="1" failures="0" timestamp="2020-03-11T16:23:16 IST" time="3.330" errors="0">
  <testcase name="testGooglePageTitleInFirefox" time="3.330" classname="pageobjects.ParallelTestA1"/>
</testsuite> <!-- pageobjects.ParallelTestA1 -->
