<?xml version="1.0" encoding="UTF-8"?>
<!-- Generated by org.testng.reporters.JUnitReportReporter -->
<testsuite hostname="LE000539" name="testrunner.Logintestrun" tests="2" failures="0" timestamp="13 Mar 2020 13:32:24 GMT" time="25.529" errors="0">
  <testcase name="Testing" time="19.374" classname="testrunner.Logintestrun"/>
  <testcase name="naviagate" time="6.155" classname="testrunner.Logintestrun"/>
</testsuite> <!-- testrunner.Logintestrun -->
