<?xml version="1.0" encoding="UTF-8"?>
<!-- Generated by org.testng.reporters.JUnitReportReporter -->
<testsuite skipped="0" hostname="LE000539" name="testrunner.Logintestrun" tests="2" failures="0" timestamp="2020-02-26T18:01:21 IST" time="32.109" errors="0">
  <testcase name="Testing" time="17.563" classname="testrunner.Logintestrun"/>
  <testcase name="naviagate" time="14.546" classname="testrunner.Logintestrun"/>
</testsuite> <!-- testrunner.Logintestrun -->
