<?xml version="1.0" encoding="UTF-8"?>
<!-- Generated by org.testng.reporters.JUnitReportReporter -->
<testsuite hostname="LE000539" name="testrunner.Logintestrun" tests="2" failures="0" timestamp="11 Mar 2020 10:26:11 GMT" time="23.117" errors="0">
  <testcase name="Testing" time="16.942" classname="testrunner.Logintestrun"/>
  <testcase name="naviagate" time="6.175" classname="testrunner.Logintestrun"/>
</testsuite> <!-- testrunner.Logintestrun -->
