<?xml version="1.0" encoding="UTF-8"?>
<!-- Generated by org.testng.reporters.JUnitReportReporter -->
<testsuite skipped="0" hostname="LE000539" name="testrunner.Logincredentialtestrun" tests="4" failures="0" timestamp="2020-03-11T13:14:25 IST" time="15.493" errors="0">
  <testcase name="amazonregtitleverify" time="0.118" classname="testrunner.Logincredentialtestrun"/>
  <testcase name="enterthename" time="0.256" classname="testrunner.Logincredentialtestrun"/>
  <testcase name="dateselection" time="15.113" classname="testrunner.Logincredentialtestrun"/>
  <testcase name="getthetitle" time="0.006" classname="testrunner.Logincredentialtestrun"/>
</testsuite> <!-- testrunner.Logincredentialtestrun -->
